This is pdfTeX, Version 3.141592653-2.6-1.40.25 (MiKTeX 24.1) (preloaded format=pdflatex 2024.5.8)  20 JUN 2024 12:59
entering extended mode
 restricted \write18 enabled.
 file:line:error style messages enabled.
 %&-line parsing enabled.
**c:/Users/hp/OneDrive/@CodEra/Latex/LinearAlgebra/LinearAlgebra.tex
(c:/Users/hp/OneDrive/@CodEra/Latex/LinearAlgebra/LinearAlgebra.tex
LaTeX2e <2023-11-01> patch level 1
L3 programming layer <2024-01-04>
(C:\Users\hp\AppData\Local\Programs\MiKTeX\tex/latex/base\article.cls
Document Class: article 2023/05/17 v1.4n Standard LaTeX document class
(C:\Users\hp\AppData\Local\Programs\MiKTeX\tex/latex/base\size11.clo
File: size11.clo 2023/05/17 v1.4n Standard LaTeX file (size option)
)
\c@part=\count187
\c@section=\count188
\c@subsection=\count189
\c@subsubsection=\count190
\c@paragraph=\count191
\c@subparagraph=\count192
\c@figure=\count193
\c@table=\count194
\abovecaptionskip=\skip48
\belowcaptionskip=\skip49
\bibindent=\dimen140
) (C:\Users\hp\AppData\Local\Programs\MiKTeX\tex/latex/graphics\graphicx.sty
Package: graphicx 2021/09/16 v1.2d Enhanced LaTeX Graphics (DPC,SPQR)
 (C:\Users\hp\AppData\Local\Programs\MiKTeX\tex/latex/graphics\keyval.sty
Package: keyval 2022/05/29 v1.15 key=value parser (DPC)
\KV@toks@=\toks17
) (C:\Users\hp\AppData\Local\Programs\MiKTeX\tex/latex/graphics\graphics.sty
Package: graphics 2022/03/10 v1.4e Standard LaTeX Graphics (DPC,SPQR)
 (C:\Users\hp\AppData\Local\Programs\MiKTeX\tex/latex/graphics\trig.sty
Package: trig 2021/08/11 v1.11 sin cos tan (DPC)
) (C:\Users\hp\AppData\Local\Programs\MiKTeX\tex/latex/graphics-cfg\graphics.cfg
File: graphics.cfg 2016/06/04 v1.11 sample graphics configuration
)
Package graphics Info: Driver file: pdftex.def on input line 107.
 (C:\Users\hp\AppData\Local\Programs\MiKTeX\tex/latex/graphics-def\pdftex.def
File: pdftex.def 2022/09/22 v1.2b Graphics/color driver for pdftex
))
\Gin@req@height=\dimen141
\Gin@req@width=\dimen142
) (C:\Users\hp\AppData\Local\Programs\MiKTeX\tex/latex/amsmath\amsmath.sty
Package: amsmath 2023/05/13 v2.17o AMS math features
\@mathmargin=\skip50

For additional information on amsmath, use the `?' option.
(C:\Users\hp\AppData\Local\Programs\MiKTeX\tex/latex/amsmath\amstext.sty
Package: amstext 2021/08/26 v2.01 AMS text
 (C:\Users\hp\AppData\Local\Programs\MiKTeX\tex/latex/amsmath\amsgen.sty
File: amsgen.sty 1999/11/30 v2.0 generic functions
\@emptytoks=\toks18
\ex@=\dimen143
)) (C:\Users\hp\AppData\Local\Programs\MiKTeX\tex/latex/amsmath\amsbsy.sty
Package: amsbsy 1999/11/29 v1.2d Bold Symbols
\pmbraise@=\dimen144
) (C:\Users\hp\AppData\Local\Programs\MiKTeX\tex/latex/amsmath\amsopn.sty
Package: amsopn 2022/04/08 v2.04 operator names
)
\inf@bad=\count195
LaTeX Info: Redefining \frac on input line 234.
\uproot@=\count196
\leftroot@=\count197
LaTeX Info: Redefining \overline on input line 399.
LaTeX Info: Redefining \colon on input line 410.
\classnum@=\count198
\DOTSCASE@=\count199
LaTeX Info: Redefining \ldots on input line 496.
LaTeX Info: Redefining \dots on input line 499.
LaTeX Info: Redefining \cdots on input line 620.
\Mathstrutbox@=\box51
\strutbox@=\box52
LaTeX Info: Redefining \big on input line 722.
LaTeX Info: Redefining \Big on input line 723.
LaTeX Info: Redefining \bigg on input line 724.
LaTeX Info: Redefining \Bigg on input line 725.
\big@size=\dimen145
LaTeX Font Info:    Redeclaring font encoding OML on input line 743.
LaTeX Font Info:    Redeclaring font encoding OMS on input line 744.
\macc@depth=\count266
LaTeX Info: Redefining \bmod on input line 905.
LaTeX Info: Redefining \pmod on input line 910.
LaTeX Info: Redefining \smash on input line 940.
LaTeX Info: Redefining \relbar on input line 970.
LaTeX Info: Redefining \Relbar on input line 971.
\c@MaxMatrixCols=\count267
\dotsspace@=\muskip16
\c@parentequation=\count268
\dspbrk@lvl=\count269
\tag@help=\toks19
\row@=\count270
\column@=\count271
\maxfields@=\count272
\andhelp@=\toks20
\eqnshift@=\dimen146
\alignsep@=\dimen147
\tagshift@=\dimen148
\tagwidth@=\dimen149
\totwidth@=\dimen150
\lineht@=\dimen151
\@envbody=\toks21
\multlinegap=\skip51
\multlinetaggap=\skip52
\mathdisplay@stack=\toks22
LaTeX Info: Redefining \[ on input line 2953.
LaTeX Info: Redefining \] on input line 2954.
) (C:\Users\hp\AppData\Local\Programs\MiKTeX\tex/latex/amsfonts\amssymb.sty
Package: amssymb 2013/01/14 v3.01 AMS font symbols
 (C:\Users\hp\AppData\Local\Programs\MiKTeX\tex/latex/amsfonts\amsfonts.sty
Package: amsfonts 2013/01/14 v3.01 Basic AMSFonts support
\symAMSa=\mathgroup4
\symAMSb=\mathgroup5
LaTeX Font Info:    Redeclaring math symbol \hbar on input line 98.
LaTeX Font Info:    Overwriting math alphabet `\mathfrak' in version `bold'
(Font)                  U/euf/m/n --> U/euf/b/n on input line 106.
)) (C:\Users\hp\AppData\Local\Programs\MiKTeX\tex/latex/fancyhdr\fancyhdr.sty
Package: fancyhdr 2024/04/23 v4.2 Extensive control of page headers and footers
\f@nch@headwidth=\skip53
\f@nch@O@elh=\skip54
\f@nch@O@erh=\skip55
\f@nch@O@olh=\skip56
\f@nch@O@orh=\skip57
\f@nch@O@elf=\skip58
\f@nch@O@erf=\skip59
\f@nch@O@olf=\skip60
\f@nch@O@orf=\skip61
) (C:\Users\hp\AppData\Local\Programs\MiKTeX\tex/latex/lipsum\lipsum.sty (C:\Users\hp\AppData\Local\Programs\MiKTeX\tex/latex/l3packages/l3keys2e\l3keys2e.sty (C:\Users\hp\AppData\Local\Programs\MiKTeX\tex/latex/l3kernel\expl3.sty
Package: expl3 2024-01-04 L3 programming layer (loader) 
 (C:\Users\hp\AppData\Local\Programs\MiKTeX\tex/latex/l3backend\l3backend-pdftex.def
File: l3backend-pdftex.def 2024-01-04 L3 backend support: PDF output (pdfTeX)
\l__color_backend_stack_int=\count273
\l__pdf_internal_box=\box53
))
Package: l3keys2e 2023-10-10 LaTeX2e option processing using LaTeX3 keys
)
Package: lipsum 2021-09-20 v2.7 150 paragraphs of Lorem Ipsum dummy text
\g__lipsum_par_int=\count274
\l__lipsum_a_int=\count275
\l__lipsum_b_int=\count276
 (C:\Users\hp\AppData\Local\Programs\MiKTeX\tex/latex/lipsum\lipsum.ltd.tex)) (C:\Users\hp\AppData\Local\Programs\MiKTeX\tex/latex/pdfpages\pdfpages.sty
Package: pdfpages 2024/05/29 v0.6a Insert pages of external PDF documents (AM)
 (C:\Users\hp\AppData\Local\Programs\MiKTeX\tex/latex/base\ifthen.sty
Package: ifthen 2022/04/13 v1.1d Standard LaTeX ifthen package (DPC)
) (C:\Users\hp\AppData\Local\Programs\MiKTeX\tex/latex/tools\calc.sty
Package: calc 2023/07/08 v4.3 Infix arithmetic (KKT,FJ)
\calc@Acount=\count277
\calc@Bcount=\count278
\calc@Adimen=\dimen152
\calc@Bdimen=\dimen153
\calc@Askip=\skip62
\calc@Bskip=\skip63
LaTeX Info: Redefining \setlength on input line 80.
LaTeX Info: Redefining \addtolength on input line 81.
\calc@Ccount=\count279
\calc@Cskip=\skip64
) (C:\Users\hp\AppData\Local\Programs\MiKTeX\tex/latex/eso-pic\eso-pic.sty
Package: eso-pic 2023/05/03 v3.0c eso-pic (RN)
\ESO@tempdima=\dimen154
\ESO@tempdimb=\dimen155
 (C:\Users\hp\AppData\Local\Programs\MiKTeX\tex/latex/xcolor\xcolor.sty
Package: xcolor 2023/11/15 v3.01 LaTeX color extensions (UK)
 (C:\Users\hp\AppData\Local\Programs\MiKTeX\tex/latex/graphics-cfg\color.cfg
File: color.cfg 2016/01/02 v1.6 sample color configuration
)
Package xcolor Info: Driver file: pdftex.def on input line 274.
 (C:\Users\hp\AppData\Local\Programs\MiKTeX\tex/latex/graphics\mathcolor.ltx)
Package xcolor Info: Model `cmy' substituted by `cmy0' on input line 1350.
Package xcolor Info: Model `hsb' substituted by `rgb' on input line 1354.
Package xcolor Info: Model `RGB' extended on input line 1366.
Package xcolor Info: Model `HTML' substituted by `rgb' on input line 1368.
Package xcolor Info: Model `Hsb' substituted by `hsb' on input line 1369.
Package xcolor Info: Model `tHsb' substituted by `hsb' on input line 1370.
Package xcolor Info: Model `HSB' substituted by `hsb' on input line 1371.
Package xcolor Info: Model `Gray' substituted by `gray' on input line 1372.
Package xcolor Info: Model `wave' substituted by `hsb' on input line 1373.
))
\AM@pagewidth=\dimen156
\AM@pageheight=\dimen157
\AM@fboxrule=\dimen158
 (C:\Users\hp\AppData\Local\Programs\MiKTeX\tex/latex/pdfpages\pppdftex.def
File: pppdftex.def 2024/05/29 v0.6a Pdfpages driver for pdfTeX (AM)
)
\pdfpages@includegraphics@status=\count280
\AM@pagebox=\box54
\AM@global@opts=\toks23
\AM@pagecnt=\count281
\AM@toc@title=\toks24
\AM@lof@heading=\toks25
\c@AM@survey=\count282
\AM@templatesizebox=\box55
) (LinearAlgebra.aux)
\openout1 = `LinearAlgebra.aux'.

LaTeX Font Info:    Checking defaults for OML/cmm/m/it on input line 15.
LaTeX Font Info:    ... okay on input line 15.
LaTeX Font Info:    Checking defaults for OMS/cmsy/m/n on input line 15.
LaTeX Font Info:    ... okay on input line 15.
LaTeX Font Info:    Checking defaults for OT1/cmr/m/n on input line 15.
LaTeX Font Info:    ... okay on input line 15.
LaTeX Font Info:    Checking defaults for T1/cmr/m/n on input line 15.
LaTeX Font Info:    ... okay on input line 15.
LaTeX Font Info:    Checking defaults for TS1/cmr/m/n on input line 15.
LaTeX Font Info:    ... okay on input line 15.
LaTeX Font Info:    Checking defaults for OMX/cmex/m/n on input line 15.
LaTeX Font Info:    ... okay on input line 15.
LaTeX Font Info:    Checking defaults for U/cmr/m/n on input line 15.
LaTeX Font Info:    ... okay on input line 15.
 (C:\Users\hp\AppData\Local\Programs\MiKTeX\tex/context/base/mkii\supp-pdf.mkii
[Loading MPS to PDF converter (version 2006.09.02).]
\scratchcounter=\count283
\scratchdimen=\dimen159
\scratchbox=\box56
\nofMPsegments=\count284
\nofMParguments=\count285
\everyMPshowfont=\toks26
\MPscratchCnt=\count286
\MPscratchDim=\dimen160
\MPnumerator=\count287
\makeMPintoPDFobject=\count288
\everyMPtoPDFconversion=\toks27
) (C:\Users\hp\AppData\Local\Programs\MiKTeX\tex/latex/epstopdf-pkg\epstopdf-base.sty
Package: epstopdf-base 2020-01-24 v2.11 Base part for package epstopdf
Package epstopdf-base Info: Redefining graphics rule for `.eps' on input line 485.
 (C:\Users\hp\AppData\Local\Programs\MiKTeX\tex/latex/00miktex\epstopdf-sys.cfg
File: epstopdf-sys.cfg 2021/03/18 v2.0 Configuration of epstopdf for MiKTeX
)) (C:\Users\hp\AppData\Local\Programs\MiKTeX\tex/latex/pdflscape\pdflscape.sty
Package: pdflscape 2022-10-27 v0.13 Display of landscape pages in PDF
 (C:\Users\hp\AppData\Local\Programs\MiKTeX\tex/latex/pdflscape\pdflscape-nometadata.sty
Package: pdflscape-nometadata 2022-10-28 v0.13 Display of landscape pages in PDF (HO)
 (C:\Users\hp\AppData\Local\Programs\MiKTeX\tex/generic/iftex\iftex.sty
Package: iftex 2022/02/03 v1.0f TeX engine tests
) (C:\Users\hp\AppData\Local\Programs\MiKTeX\tex/latex/graphics\lscape.sty
Package: lscape 2020/05/28 v3.02 Landscape Pages (DPC)
)
Package pdflscape Info: Auto-detected driver: pdftex on input line 81.
))
<FrontPage.pdf, id=1, 597.73312pt x 845.40843pt>
File: FrontPage.pdf Graphic file (type pdf)
<use FrontPage.pdf>
Package pdftex.def Info: FrontPage.pdf  used on input line 16.
(pdftex.def)             Requested size: 597.73166pt x 845.40636pt.
File: FrontPage.pdf Graphic file (type pdf)
<use FrontPage.pdf>
Package pdftex.def Info: FrontPage.pdf  used on input line 16.
(pdftex.def)             Requested size: 597.73166pt x 845.40636pt.
<FrontPage.pdf, id=4, page=1, 597.73312pt x 845.40843pt>
File: FrontPage.pdf Graphic file (type pdf)
<use FrontPage.pdf, page 1>
Package pdftex.def Info: FrontPage.pdf , page1 used on input line 16.
(pdftex.def)             Requested size: 597.73166pt x 845.40636pt.
File: FrontPage.pdf Graphic file (type pdf)
<use FrontPage.pdf, page 1>
Package pdftex.def Info: FrontPage.pdf , page1 used on input line 16.
(pdftex.def)             Requested size: 598.01439pt x 845.80624pt.
File: FrontPage.pdf Graphic file (type pdf)
<use FrontPage.pdf, page 1>
Package pdftex.def Info: FrontPage.pdf , page1 used on input line 16.
(pdftex.def)             Requested size: 598.01439pt x 845.80624pt.
File: FrontPage.pdf Graphic file (type pdf)
<use FrontPage.pdf, page 1>
Package pdftex.def Info: FrontPage.pdf , page1 used on input line 16.
(pdftex.def)             Requested size: 598.01439pt x 845.80624pt.
File: FrontPage.pdf Graphic file (type pdf)
<use FrontPage.pdf, page 1>
Package pdftex.def Info: FrontPage.pdf , page1 used on input line 16.
(pdftex.def)             Requested size: 598.01439pt x 845.80624pt.
 [1


 <./FrontPage.pdf>]
LaTeX Font Info:    Trying to load font information for U+msa on input line 28.
 (C:\Users\hp\AppData\Local\Programs\MiKTeX\tex/latex/amsfonts\umsa.fd
File: umsa.fd 2013/01/14 v3.01 AMS symbols A
)
LaTeX Font Info:    Trying to load font information for U+msb on input line 28.
 (C:\Users\hp\AppData\Local\Programs\MiKTeX\tex/latex/amsfonts\umsb.fd
File: umsb.fd 2013/01/14 v3.01 AMS symbols B
)
Underfull \hbox (badness 10000) in paragraph at lines 40--41

 []


Underfull \hbox (badness 10000) in paragraph at lines 63--67

 []


Underfull \hbox (badness 10000) in paragraph at lines 90--93

 []


Package fancyhdr Warning: \headheight is too small (12.0pt): 
(fancyhdr)                Make it at least 13.59999pt, for example:
(fancyhdr)                \setlength{\headheight}{13.59999pt}.
(fancyhdr)                You might also make \topmargin smaller to compensate:
(fancyhdr)                \addtolength{\topmargin}{-1.59999pt}.

[2{C:/Users/hp/AppData/Local/MiKTeX/fonts/map/pdftex/pdftex.map}]
Underfull \hbox (badness 10000) in paragraph at lines 112--113

 []


Underfull \hbox (badness 10000) in paragraph at lines 113--114

 []


Underfull \hbox (badness 10000) in paragraph at lines 118--119

 []


Underfull \hbox (badness 10000) in paragraph at lines 134--135

 []


Package fancyhdr Warning: \headheight is too small (12.0pt): 
(fancyhdr)                Make it at least 13.59999pt, for example:
(fancyhdr)                \setlength{\headheight}{13.59999pt}.
(fancyhdr)                You might also make \topmargin smaller to compensate:
(fancyhdr)                \addtolength{\topmargin}{-1.59999pt}.

[3]
Underfull \hbox (badness 10000) in paragraph at lines 200--201

 []


Underfull \hbox (badness 10000) in paragraph at lines 240--243

 []


Underfull \hbox (badness 10000) in paragraph at lines 257--260

 []


Underfull \hbox (badness 10000) in paragraph at lines 274--275

 []


Package fancyhdr Warning: \headheight is too small (12.0pt): 
(fancyhdr)                Make it at least 13.59999pt, for example:
(fancyhdr)                \setlength{\headheight}{13.59999pt}.
(fancyhdr)                You might also make \topmargin smaller to compensate:
(fancyhdr)                \addtolength{\topmargin}{-1.59999pt}.

[4]
Overfull \hbox (9.15169pt too wide) in paragraph at lines 305--306
[]\OT1/cmr/bx/n/10.95 How to find these el-e-me-na-tion ma-tri-ces? is there any method?? 
 []


Underfull \hbox (badness 10000) in paragraph at lines 337--338

 []


Underfull \hbox (badness 10000) in paragraph at lines 383--384

 []


Package fancyhdr Warning: \headheight is too small (12.0pt): 
(fancyhdr)                Make it at least 13.59999pt, for example:
(fancyhdr)                \setlength{\headheight}{13.59999pt}.
(fancyhdr)                You might also make \topmargin smaller to compensate:
(fancyhdr)                \addtolength{\topmargin}{-1.59999pt}.

[5]
Underfull \hbox (badness 10000) in paragraph at lines 417--418

 []


Underfull \hbox (badness 10000) in paragraph at lines 431--432

 []


Underfull \hbox (badness 10000) in paragraph at lines 433--436

 []


Underfull \hbox (badness 10000) in paragraph at lines 433--436

 []


Package fancyhdr Warning: \headheight is too small (12.0pt): 
(fancyhdr)                Make it at least 13.59999pt, for example:
(fancyhdr)                \setlength{\headheight}{13.59999pt}.
(fancyhdr)                You might also make \topmargin smaller to compensate:
(fancyhdr)                \addtolength{\topmargin}{-1.59999pt}.

[6]
Underfull \hbox (badness 10000) in paragraph at lines 536--537

 []


Underfull \hbox (badness 10000) in paragraph at lines 550--551

 []


Underfull \hbox (badness 10000) in paragraph at lines 552--555

 []


Underfull \hbox (badness 10000) in paragraph at lines 552--555

 []


Overfull \hbox (2.42496pt too wide) detected at line 646
[] \OT1/cmr/m/n/10.95 = []
 []


Underfull \hbox (badness 10000) in paragraph at lines 666--667

 []


Package fancyhdr Warning: \headheight is too small (12.0pt): 
(fancyhdr)                Make it at least 13.59999pt, for example:
(fancyhdr)                \setlength{\headheight}{13.59999pt}.
(fancyhdr)                You might also make \topmargin smaller to compensate:
(fancyhdr)                \addtolength{\topmargin}{-1.59999pt}.

[7]
Underfull \hbox (badness 10000) in paragraph at lines 694--695

 []


Underfull \hbox (badness 10000) in paragraph at lines 721--722

 []


Package fancyhdr Warning: \headheight is too small (12.0pt): 
(fancyhdr)                Make it at least 13.59999pt, for example:
(fancyhdr)                \setlength{\headheight}{13.59999pt}.
(fancyhdr)                You might also make \topmargin smaller to compensate:
(fancyhdr)                \addtolength{\topmargin}{-1.59999pt}.

[8]
Overfull \hbox (21.70628pt too wide) detected at line 761
\OML/cmm/m/it/10.95 A \OMS/cmsy/m/n/10.95 ^^B \OML/cmm/m/it/10.95 B \OT1/cmr/m/n/10.95 = [] \OMS/cmsy/m/n/10.95 ^^B []
 []


Underfull \hbox (badness 10000) in paragraph at lines 803--805

 []


Package fancyhdr Warning: \headheight is too small (12.0pt): 
(fancyhdr)                Make it at least 13.59999pt, for example:
(fancyhdr)                \setlength{\headheight}{13.59999pt}.
(fancyhdr)                You might also make \topmargin smaller to compensate:
(fancyhdr)                \addtolength{\topmargin}{-1.59999pt}.

[9]
Underfull \hbox (badness 10000) in paragraph at lines 806--807

 []


Underfull \hbox (badness 10000) in paragraph at lines 808--812

 []


Underfull \hbox (badness 10000) in paragraph at lines 868--869

 []


Underfull \hbox (badness 10000) in paragraph at lines 870--871

 []


Package fancyhdr Warning: \headheight is too small (12.0pt): 
(fancyhdr)                Make it at least 13.59999pt, for example:
(fancyhdr)                \setlength{\headheight}{13.59999pt}.
(fancyhdr)                You might also make \topmargin smaller to compensate:
(fancyhdr)                \addtolength{\topmargin}{-1.59999pt}.

[10]
Underfull \hbox (badness 10000) in paragraph at lines 921--922

 []


Package fancyhdr Warning: \headheight is too small (12.0pt): 
(fancyhdr)                Make it at least 13.59999pt, for example:
(fancyhdr)                \setlength{\headheight}{13.59999pt}.
(fancyhdr)                You might also make \topmargin smaller to compensate:
(fancyhdr)                \addtolength{\topmargin}{-1.59999pt}.

[11]
Underfull \hbox (badness 10000) in paragraph at lines 972--973

 []


Underfull \hbox (badness 10000) in paragraph at lines 988--990

 []


Underfull \hbox (badness 10000) in paragraph at lines 991--992

 []


Underfull \hbox (badness 10000) in paragraph at lines 993--994

 []


Underfull \hbox (badness 10000) in paragraph at lines 995--996

 []


Package fancyhdr Warning: \headheight is too small (12.0pt): 
(fancyhdr)                Make it at least 13.59999pt, for example:
(fancyhdr)                \setlength{\headheight}{13.59999pt}.
(fancyhdr)                You might also make \topmargin smaller to compensate:
(fancyhdr)                \addtolength{\topmargin}{-1.59999pt}.

[12]
Underfull \hbox (badness 10000) in paragraph at lines 1006--1008

 []


Underfull \hbox (badness 10000) in paragraph at lines 1009--1015

 []


Underfull \hbox (badness 10000) in paragraph at lines 1009--1015

 []


Underfull \hbox (badness 10000) in paragraph at lines 1019--1021

 []


Underfull \hbox (badness 10000) in paragraph at lines 1025--1026

 []


Underfull \hbox (badness 10000) in paragraph at lines 1027--1028

 []


Overfull \hbox (6.98341pt too wide) detected at line 1063
[] \OML/cmm/m/it/10.95 ; [] ; [] ; [] ; [] ; []
 []


Package fancyhdr Warning: \headheight is too small (12.0pt): 
(fancyhdr)                Make it at least 13.59999pt, for example:
(fancyhdr)                \setlength{\headheight}{13.59999pt}.
(fancyhdr)                You might also make \topmargin smaller to compensate:
(fancyhdr)                \addtolength{\topmargin}{-1.59999pt}.

[13]
Underfull \hbox (badness 10000) in paragraph at lines 1081--1082

 []


Underfull \hbox (badness 10000) in paragraph at lines 1083--1084

 []


Underfull \hbox (badness 10000) in paragraph at lines 1090--1091

 []


Underfull \hbox (badness 10000) in paragraph at lines 1098--1099

 []


Package fancyhdr Warning: \headheight is too small (12.0pt): 
(fancyhdr)                Make it at least 13.59999pt, for example:
(fancyhdr)                \setlength{\headheight}{13.59999pt}.
(fancyhdr)                You might also make \topmargin smaller to compensate:
(fancyhdr)                \addtolength{\topmargin}{-1.59999pt}.

[14]
Underfull \hbox (badness 10000) in paragraph at lines 1162--1167

 []


Underfull \hbox (badness 10000) in paragraph at lines 1170--1171

 []


Underfull \hbox (badness 10000) in paragraph at lines 1172--1173

 []


Underfull \hbox (badness 10000) in paragraph at lines 1174--1175

 []


Underfull \hbox (badness 10000) in paragraph at lines 1176--1177

 []


Underfull \hbox (badness 10000) in paragraph at lines 1178--1182

 []


Underfull \hbox (badness 10000) in paragraph at lines 1183--1187

 []


Underfull \hbox (badness 10000) in paragraph at lines 1188--1189

 []


Package fancyhdr Warning: \headheight is too small (12.0pt): 
(fancyhdr)                Make it at least 13.59999pt, for example:
(fancyhdr)                \setlength{\headheight}{13.59999pt}.
(fancyhdr)                You might also make \topmargin smaller to compensate:
(fancyhdr)                \addtolength{\topmargin}{-1.59999pt}.

[15]
Underfull \hbox (badness 10000) in paragraph at lines 1212--1213

 []


Underfull \hbox (badness 10000) in paragraph at lines 1225--1227

 []


Underfull \hbox (badness 10000) in paragraph at lines 1228--1231

 []


Underfull \hbox (badness 10000) in paragraph at lines 1232--1233

 []


Underfull \hbox (badness 10000) in paragraph at lines 1234--1235

 []


Underfull \hbox (badness 10000) in paragraph at lines 1236--1237

 []


Package fancyhdr Warning: \headheight is too small (12.0pt): 
(fancyhdr)                Make it at least 13.59999pt, for example:
(fancyhdr)                \setlength{\headheight}{13.59999pt}.
(fancyhdr)                You might also make \topmargin smaller to compensate:
(fancyhdr)                \addtolength{\topmargin}{-1.59999pt}.

[16]
Underfull \hbox (badness 10000) in paragraph at lines 1268--1269

 []


Underfull \hbox (badness 10000) in paragraph at lines 1270--1271

 []


Underfull \hbox (badness 10000) in paragraph at lines 1292--1295

 []


Underfull \hbox (badness 10000) in paragraph at lines 1296--1297

 []


Underfull \hbox (badness 10000) in paragraph at lines 1298--1299

 []


Underfull \hbox (badness 10000) in paragraph at lines 1300--1301

 []


Underfull \hbox (badness 10000) in paragraph at lines 1302--1303

 []


Underfull \hbox (badness 10000) in paragraph at lines 1304--1307

 []


Overfull \hbox (74.15286pt too wide) detected at line 1332
[] [] [] [] [] [] []
 []


Package fancyhdr Warning: \headheight is too small (12.0pt): 
(fancyhdr)                Make it at least 13.59999pt, for example:
(fancyhdr)                \setlength{\headheight}{13.59999pt}.
(fancyhdr)                You might also make \topmargin smaller to compensate:
(fancyhdr)                \addtolength{\topmargin}{-1.59999pt}.

[17]
Overfull \hbox (13.19072pt too wide) in paragraph at lines 1336--1340
\OT1/cmr/bx/n/10.95 Pivot Row/Columns: \OT1/cmr/m/n/10.95 Those col-umn is which pivot el-e-ment is nonZero. 
 []


Underfull \hbox (badness 10000) in paragraph at lines 1336--1340

 []


Underfull \hbox (badness 10000) in paragraph at lines 1341--1342

 []


Underfull \hbox (badness 10000) in paragraph at lines 1374--1375

 []


Underfull \hbox (badness 10000) in paragraph at lines 1376--1377

 []


Package fancyhdr Warning: \headheight is too small (12.0pt): 
(fancyhdr)                Make it at least 13.59999pt, for example:
(fancyhdr)                \setlength{\headheight}{13.59999pt}.
(fancyhdr)                You might also make \topmargin smaller to compensate:
(fancyhdr)                \addtolength{\topmargin}{-1.59999pt}.

[18]
Underfull \hbox (badness 10000) in paragraph at lines 1444--1445

 []


Underfull \hbox (badness 10000) in paragraph at lines 1446--1447

 []


Underfull \hbox (badness 10000) in paragraph at lines 1448--1449

 []


Underfull \hbox (badness 10000) in paragraph at lines 1450--1451

 []


Underfull \hbox (badness 10000) in paragraph at lines 1452--1453

 []


Package fancyhdr Warning: \headheight is too small (12.0pt): 
(fancyhdr)                Make it at least 13.59999pt, for example:
(fancyhdr)                \setlength{\headheight}{13.59999pt}.
(fancyhdr)                You might also make \topmargin smaller to compensate:
(fancyhdr)                \addtolength{\topmargin}{-1.59999pt}.

[19]
Underfull \hbox (badness 10000) in paragraph at lines 1497--1499

 []


Overfull \hbox (12.71773pt too wide) detected at line 1526
\OML/cmm/m/it/10.95 P[] \OT1/cmr/m/n/10.95 = [] \OML/cmm/m/it/10.95 ; P[] \OT1/cmr/m/n/10.95 = [] \OML/cmm/m/it/10.95 ; F[] \OT1/cmr/m/n/10.95 = [] \OML/cmm/m/it/10.95 ; F[] \OT1/cmr/m/n/10.95 = [] \OML/cmm/m/it/10.95 ; [] \OT1/cmr/m/n/10.95 = [] \OML/cmm/m/it/10.95 ; [] \OT1/cmr/m/n/10.95 = []
 []


Underfull \hbox (badness 10000) in paragraph at lines 1540--1541

 []


Underfull \hbox (badness 10000) in paragraph at lines 1555--1556

 []


Underfull \hbox (badness 10000) in paragraph at lines 1566--1567

 []


Package fancyhdr Warning: \headheight is too small (12.0pt): 
(fancyhdr)                Make it at least 13.59999pt, for example:
(fancyhdr)                \setlength{\headheight}{13.59999pt}.
(fancyhdr)                You might also make \topmargin smaller to compensate:
(fancyhdr)                \addtolength{\topmargin}{-1.59999pt}.

[20]

Package fancyhdr Warning: \headheight is too small (12.0pt): 
(fancyhdr)                Make it at least 13.59999pt, for example:
(fancyhdr)                \setlength{\headheight}{13.59999pt}.
(fancyhdr)                You might also make \topmargin smaller to compensate:
(fancyhdr)                \addtolength{\topmargin}{-1.59999pt}.

[21]
Underfull \hbox (badness 10000) in paragraph at lines 1683--1688

 []


Underfull \hbox (badness 10000) in paragraph at lines 1700--1701

 []


Underfull \hbox (badness 10000) in paragraph at lines 1702--1704

 []


Underfull \hbox (badness 10000) in paragraph at lines 1712--1718

 []


Package fancyhdr Warning: \headheight is too small (12.0pt): 
(fancyhdr)                Make it at least 13.59999pt, for example:
(fancyhdr)                \setlength{\headheight}{13.59999pt}.
(fancyhdr)                You might also make \topmargin smaller to compensate:
(fancyhdr)                \addtolength{\topmargin}{-1.59999pt}.

[22]
Underfull \hbox (badness 10000) in paragraph at lines 1731--1737

 []


Underfull \hbox (badness 10000) in paragraph at lines 1750--1757

 []


Underfull \hbox (badness 10000) in paragraph at lines 1777--1781

 []


Package fancyhdr Warning: \headheight is too small (12.0pt): 
(fancyhdr)                Make it at least 13.59999pt, for example:
(fancyhdr)                \setlength{\headheight}{13.59999pt}.
(fancyhdr)                You might also make \topmargin smaller to compensate:
(fancyhdr)                \addtolength{\topmargin}{-1.59999pt}.

[23]
Underfull \hbox (badness 10000) in paragraph at lines 1793--1794

 []


Underfull \hbox (badness 10000) in paragraph at lines 1802--1805

 []


Package fancyhdr Warning: \headheight is too small (12.0pt): 
(fancyhdr)                Make it at least 13.59999pt, for example:
(fancyhdr)                \setlength{\headheight}{13.59999pt}.
(fancyhdr)                You might also make \topmargin smaller to compensate:
(fancyhdr)                \addtolength{\topmargin}{-1.59999pt}.

[24]
Underfull \hbox (badness 10000) in paragraph at lines 1839--1840

 []


Overfull \hbox (33.89589pt too wide) detected at line 1883
[] \OML/cmm/m/it/10.95 ; [] ; [] [] ; [] []
 []


Underfull \hbox (badness 10000) in paragraph at lines 1902--1903

 []


Underfull \hbox (badness 10000) in paragraph at lines 1904--1905

 []


Package fancyhdr Warning: \headheight is too small (12.0pt): 
(fancyhdr)                Make it at least 13.59999pt, for example:
(fancyhdr)                \setlength{\headheight}{13.59999pt}.
(fancyhdr)                You might also make \topmargin smaller to compensate:
(fancyhdr)                \addtolength{\topmargin}{-1.59999pt}.

[25]
Underfull \hbox (badness 10000) in paragraph at lines 1923--1925

 []


Package fancyhdr Warning: \headheight is too small (12.0pt): 
(fancyhdr)                Make it at least 13.59999pt, for example:
(fancyhdr)                \setlength{\headheight}{13.59999pt}.
(fancyhdr)                You might also make \topmargin smaller to compensate:
(fancyhdr)                \addtolength{\topmargin}{-1.59999pt}.

[26]
Underfull \hbox (badness 10000) in paragraph at lines 1967--1968

 []


Underfull \hbox (badness 10000) in paragraph at lines 1969--1970

 []


Underfull \hbox (badness 10000) in paragraph at lines 1971--1972

 []


Underfull \hbox (badness 10000) in paragraph at lines 1988--1990

 []


Underfull \hbox (badness 10000) in paragraph at lines 1999--2001

 []


Underfull \hbox (badness 10000) in paragraph at lines 2004--2007

 []


Package fancyhdr Warning: \headheight is too small (12.0pt): 
(fancyhdr)                Make it at least 13.59999pt, for example:
(fancyhdr)                \setlength{\headheight}{13.59999pt}.
(fancyhdr)                You might also make \topmargin smaller to compensate:
(fancyhdr)                \addtolength{\topmargin}{-1.59999pt}.

[27]
Overfull \hbox (11.53691pt too wide) in paragraph at lines 2090--2093
[]\OT1/cmr/bx/n/10.95 Que: \OT1/cmr/m/n/10.95 Sup-pose $\OML/cmm/m/it/10.95 S$ \OT1/cmr/m/n/10.95 is a set of all vec-tors $\OML/cmm/m/it/10.95 v \OT1/cmr/m/n/10.95 = []$ in $\U/msb/m/n/10.95 R[]$ \OT1/cmr/m/n/10.95 s.t. $[]$
 []


Package fancyhdr Warning: \headheight is too small (12.0pt): 
(fancyhdr)                Make it at least 13.59999pt, for example:
(fancyhdr)                \setlength{\headheight}{13.59999pt}.
(fancyhdr)                You might also make \topmargin smaller to compensate:
(fancyhdr)                \addtolength{\topmargin}{-1.59999pt}.

[28]
Underfull \hbox (badness 10000) in paragraph at lines 2132--2133

 []


Underfull \hbox (badness 10000) in paragraph at lines 2134--2135

 []


Package fancyhdr Warning: \headheight is too small (12.0pt): 
(fancyhdr)                Make it at least 13.59999pt, for example:
(fancyhdr)                \setlength{\headheight}{13.59999pt}.
(fancyhdr)                You might also make \topmargin smaller to compensate:
(fancyhdr)                \addtolength{\topmargin}{-1.59999pt}.

[29]
Underfull \hbox (badness 10000) in paragraph at lines 2162--2163

 []


Underfull \hbox (badness 10000) in paragraph at lines 2164--2166

 []


Underfull \hbox (badness 10000) in paragraph at lines 2167--2170

 []


Underfull \hbox (badness 10000) in paragraph at lines 2171--2173

 []


Underfull \hbox (badness 10000) in paragraph at lines 2174--2175

 []


Underfull \hbox (badness 10000) in paragraph at lines 2176--2179

 []


Package fancyhdr Warning: \headheight is too small (12.0pt): 
(fancyhdr)                Make it at least 13.59999pt, for example:
(fancyhdr)                \setlength{\headheight}{13.59999pt}.
(fancyhdr)                You might also make \topmargin smaller to compensate:
(fancyhdr)                \addtolength{\topmargin}{-1.59999pt}.

[30]
Underfull \hbox (badness 10000) in paragraph at lines 2180--2183

 []


Package fancyhdr Warning: \headheight is too small (12.0pt): 
(fancyhdr)                Make it at least 13.59999pt, for example:
(fancyhdr)                \setlength{\headheight}{13.59999pt}.
(fancyhdr)                You might also make \topmargin smaller to compensate:
(fancyhdr)                \addtolength{\topmargin}{-1.59999pt}.

[31]
Underfull \hbox (badness 10000) in paragraph at lines 2227--2228

 []


Underfull \hbox (badness 10000) in paragraph at lines 2253--2254

 []


Package fancyhdr Warning: \headheight is too small (12.0pt): 
(fancyhdr)                Make it at least 13.59999pt, for example:
(fancyhdr)                \setlength{\headheight}{13.59999pt}.
(fancyhdr)                You might also make \topmargin smaller to compensate:
(fancyhdr)                \addtolength{\topmargin}{-1.59999pt}.

[32]
Underfull \hbox (badness 10000) in paragraph at lines 2306--2308

 []


Package fancyhdr Warning: \headheight is too small (12.0pt): 
(fancyhdr)                Make it at least 13.59999pt, for example:
(fancyhdr)                \setlength{\headheight}{13.59999pt}.
(fancyhdr)                You might also make \topmargin smaller to compensate:
(fancyhdr)                \addtolength{\topmargin}{-1.59999pt}.

[33]
Underfull \hbox (badness 10000) in paragraph at lines 2347--2352

 []


Package fancyhdr Warning: \headheight is too small (12.0pt): 
(fancyhdr)                Make it at least 13.59999pt, for example:
(fancyhdr)                \setlength{\headheight}{13.59999pt}.
(fancyhdr)                You might also make \topmargin smaller to compensate:
(fancyhdr)                \addtolength{\topmargin}{-1.59999pt}.

[34]
Underfull \hbox (badness 10000) in paragraph at lines 2360--2361

 []


Underfull \hbox (badness 10000) in paragraph at lines 2366--2367

 []


Package fancyhdr Warning: \headheight is too small (12.0pt): 
(fancyhdr)                Make it at least 13.59999pt, for example:
(fancyhdr)                \setlength{\headheight}{13.59999pt}.
(fancyhdr)                You might also make \topmargin smaller to compensate:
(fancyhdr)                \addtolength{\topmargin}{-1.59999pt}.

[35]
Underfull \hbox (badness 10000) in paragraph at lines 2462--2463

 []


Underfull \hbox (badness 10000) in paragraph at lines 2504--2505

 []


Package fancyhdr Warning: \headheight is too small (12.0pt): 
(fancyhdr)                Make it at least 13.59999pt, for example:
(fancyhdr)                \setlength{\headheight}{13.59999pt}.
(fancyhdr)                You might also make \topmargin smaller to compensate:
(fancyhdr)                \addtolength{\topmargin}{-1.59999pt}.

[36]

Package fancyhdr Warning: \headheight is too small (12.0pt): 
(fancyhdr)                Make it at least 13.59999pt, for example:
(fancyhdr)                \setlength{\headheight}{13.59999pt}.
(fancyhdr)                You might also make \topmargin smaller to compensate:
(fancyhdr)                \addtolength{\topmargin}{-1.59999pt}.

[37]
Underfull \hbox (badness 10000) in paragraph at lines 2579--2582

 []


Overfull \hbox (6.52457pt too wide) in paragraph at lines 2583--2585
\OT1/cmr/m/n/10.95 Let us have $\OML/cmm/m/it/10.95 n$ \OT1/cmr/m/n/10.95 in-de-pen-dent vec-tors $\OML/cmm/m/it/10.95 a[]; a[] [] ; a[]$ \OT1/cmr/m/n/10.95 and con-sider $\OML/cmm/m/it/10.95 b[]; b[] [] ; b[]$
 []


Underfull \hbox (badness 10000) in paragraph at lines 2625--2630

 []


Package fancyhdr Warning: \headheight is too small (12.0pt): 
(fancyhdr)                Make it at least 13.59999pt, for example:
(fancyhdr)                \setlength{\headheight}{13.59999pt}.
(fancyhdr)                You might also make \topmargin smaller to compensate:
(fancyhdr)                \addtolength{\topmargin}{-1.59999pt}.

[38]
Underfull \hbox (badness 10000) in paragraph at lines 2636--2638

 []


Underfull \hbox (badness 10000) in paragraph at lines 2639--2640

 []


Underfull \hbox (badness 10000) in paragraph at lines 2641--2642

 []


Underfull \hbox (badness 10000) in paragraph at lines 2643--2644

 []


Overfull \hbox (9.75519pt too wide) in paragraph at lines 2645--2652
[]$\OMS/cmsy/m/n/10.95 !$ \OT1/cmr/bx/n/10.95 Ad-di-tion:  $\OML/cmm/m/it/10.95 det [] \OT1/cmr/m/n/10.95 = \OML/cmm/m/it/10.95 det [] \OT1/cmr/m/n/10.95 + \OML/cmm/m/it/10.95 det []$ 
 []


Underfull \hbox (badness 10000) in paragraph at lines 2653--2654

 []


Underfull \hbox (badness 10000) in paragraph at lines 2655--2657

 []


Underfull \hbox (badness 10000) in paragraph at lines 2658--2659

 []


Overfull \hbox (2.61581pt too wide) in paragraph at lines 2660--2661
[]$\OMS/cmsy/m/n/10.95 !$ \OT1/cmr/bx/n/10.95 Tri-an-gu-lar Ma-trix: $\OML/cmm/m/it/10.95 det\OT1/cmr/m/n/10.95 (\OML/cmm/m/it/10.95 T\OT1/cmr/m/n/10.95 )$=product of di-ag-o-nal(pivots) el-e-ments. 
 []


Underfull \hbox (badness 10000) in paragraph at lines 2660--2661

 []


Underfull \hbox (badness 10000) in paragraph at lines 2662--2663

 []


Underfull \hbox (badness 10000) in paragraph at lines 2664--2665

 []


Underfull \hbox (badness 10000) in paragraph at lines 2666--2667

 []


Underfull \hbox (badness 10000) in paragraph at lines 2668--2669

 []


Package fancyhdr Warning: \headheight is too small (12.0pt): 
(fancyhdr)                Make it at least 13.59999pt, for example:
(fancyhdr)                \setlength{\headheight}{13.59999pt}.
(fancyhdr)                You might also make \topmargin smaller to compensate:
(fancyhdr)                \addtolength{\topmargin}{-1.59999pt}.

[39]
Overfull \hbox (52.61101pt too wide) detected at line 2735
\OML/cmm/m/it/10.95 det [] \OT1/cmr/m/n/10.95 + \OML/cmm/m/it/10.95 det [] \OT1/cmr/m/n/10.95 + \OML/cmm/m/it/10.95 det []
 []


Overfull \hbox (52.61101pt too wide) detected at line 2746
\OML/cmm/m/it/10.95 det [] \OT1/cmr/m/n/10.95 + \OML/cmm/m/it/10.95 det [] \OT1/cmr/m/n/10.95 + \OML/cmm/m/it/10.95 det []
 []


Overfull \hbox (16.54745pt too wide) in paragraph at lines 2758--2760
\U/msa/m/n/10.95 ~$ \OT1/cmr/m/n/10.95 Sign($\OMS/cmsy/m/n/10.95 ^^F$\OT1/cmr/m/n/10.95 ) will be de-ter-mined by no of el-e-ments in Permutaiton($\OML/cmm/m/it/10.95 ; ^^L; ^^M [] $\OT1/cmr/m/n/10.95 )
 []


Underfull \hbox (badness 10000) in paragraph at lines 2758--2760

 []


Package fancyhdr Warning: \headheight is too small (12.0pt): 
(fancyhdr)                Make it at least 13.59999pt, for example:
(fancyhdr)                \setlength{\headheight}{13.59999pt}.
(fancyhdr)                You might also make \topmargin smaller to compensate:
(fancyhdr)                \addtolength{\topmargin}{-1.59999pt}.

[40]
Underfull \hbox (badness 10000) in paragraph at lines 2827--2828

 []


Package fancyhdr Warning: \headheight is too small (12.0pt): 
(fancyhdr)                Make it at least 13.59999pt, for example:
(fancyhdr)                \setlength{\headheight}{13.59999pt}.
(fancyhdr)                You might also make \topmargin smaller to compensate:
(fancyhdr)                \addtolength{\topmargin}{-1.59999pt}.

[41]
Underfull \hbox (badness 10000) in paragraph at lines 2836--2838

 []


Overfull \hbox (33.54225pt too wide) detected at line 2867
\OML/cmm/m/it/10.95 Aadj\OT1/cmr/m/n/10.95 (\OML/cmm/m/it/10.95 A\OT1/cmr/m/n/10.95 ) = \OML/cmm/m/it/10.95 AC[] \OT1/cmr/m/n/10.95 = []
 []


Package fancyhdr Warning: \headheight is too small (12.0pt): 
(fancyhdr)                Make it at least 13.59999pt, for example:
(fancyhdr)                \setlength{\headheight}{13.59999pt}.
(fancyhdr)                You might also make \topmargin smaller to compensate:
(fancyhdr)                \addtolength{\topmargin}{-1.59999pt}.

[42]
Underfull \hbox (badness 10000) in paragraph at lines 2890--2891

 []


Underfull \hbox (badness 10000) in paragraph at lines 2900--2901

 []


Underfull \hbox (badness 10000) in paragraph at lines 2902--2903

 []


Underfull \hbox (badness 10000) in paragraph at lines 2904--2905

 []


Underfull \hbox (badness 10000) in paragraph at lines 2906--2907

 []


Package fancyhdr Warning: \headheight is too small (12.0pt): 
(fancyhdr)                Make it at least 13.59999pt, for example:
(fancyhdr)                \setlength{\headheight}{13.59999pt}.
(fancyhdr)                You might also make \topmargin smaller to compensate:
(fancyhdr)                \addtolength{\topmargin}{-1.59999pt}.

[43]
Underfull \hbox (badness 10000) in paragraph at lines 2970--2971

 []


Package fancyhdr Warning: \headheight is too small (12.0pt): 
(fancyhdr)                Make it at least 13.59999pt, for example:
(fancyhdr)                \setlength{\headheight}{13.59999pt}.
(fancyhdr)                You might also make \topmargin smaller to compensate:
(fancyhdr)                \addtolength{\topmargin}{-1.59999pt}.

[44]
Underfull \hbox (badness 10000) in paragraph at lines 3011--3012

 []


Underfull \hbox (badness 10000) in paragraph at lines 3013--3014

 []


Underfull \hbox (badness 10000) in paragraph at lines 3015--3017

 []


Underfull \hbox (badness 10000) in paragraph at lines 3024--3025

 []


Overfull \hbox (19.84602pt too wide) in paragraph at lines 3026--3027
\OT1/cmr/m/n/10.95 and let $\OML/cmm/m/it/10.95 S$ \OT1/cmr/m/n/10.95 is a ma-trix whose columns are eigen-vec-tors of $\OML/cmm/m/it/10.95 A$ $x[]; x[] [] ; x[]$\OT1/cmr/m/n/10.95 ,then
 []


Package fancyhdr Warning: \headheight is too small (12.0pt): 
(fancyhdr)                Make it at least 13.59999pt, for example:
(fancyhdr)                \setlength{\headheight}{13.59999pt}.
(fancyhdr)                You might also make \topmargin smaller to compensate:
(fancyhdr)                \addtolength{\topmargin}{-1.59999pt}.

[45]
Underfull \hbox (badness 10000) in paragraph at lines 3051--3052

 []


Underfull \hbox (badness 10000) in paragraph at lines 3053--3054

 []


Underfull \hbox (badness 10000) in paragraph at lines 3073--3076

 []


Underfull \hbox (badness 10000) in paragraph at lines 3077--3078

 []


Package fancyhdr Warning: \headheight is too small (12.0pt): 
(fancyhdr)                Make it at least 13.59999pt, for example:
(fancyhdr)                \setlength{\headheight}{13.59999pt}.
(fancyhdr)                You might also make \topmargin smaller to compensate:
(fancyhdr)                \addtolength{\topmargin}{-1.59999pt}.

[46]
Underfull \hbox (badness 10000) in paragraph at lines 3106--3107

 []


Underfull \hbox (badness 10000) in paragraph at lines 3108--3109

 []


Package fancyhdr Warning: \headheight is too small (12.0pt): 
(fancyhdr)                Make it at least 13.59999pt, for example:
(fancyhdr)                \setlength{\headheight}{13.59999pt}.
(fancyhdr)                You might also make \topmargin smaller to compensate:
(fancyhdr)                \addtolength{\topmargin}{-1.59999pt}.

[47]
Underfull \hbox (badness 10000) in paragraph at lines 3156--3157

 []


Underfull \hbox (badness 10000) in paragraph at lines 3174--3175

 []


Underfull \hbox (badness 10000) in paragraph at lines 3181--3182

 []


Package fancyhdr Warning: \headheight is too small (12.0pt): 
(fancyhdr)                Make it at least 13.59999pt, for example:
(fancyhdr)                \setlength{\headheight}{13.59999pt}.
(fancyhdr)                You might also make \topmargin smaller to compensate:
(fancyhdr)                \addtolength{\topmargin}{-1.59999pt}.

[48]

Package fancyhdr Warning: \headheight is too small (12.0pt): 
(fancyhdr)                Make it at least 13.59999pt, for example:
(fancyhdr)                \setlength{\headheight}{13.59999pt}.
(fancyhdr)                You might also make \topmargin smaller to compensate:
(fancyhdr)                \addtolength{\topmargin}{-1.59999pt}.

[49]
Underfull \hbox (badness 10000) in paragraph at lines 3264--3269

 []


Underfull \hbox (badness 10000) in paragraph at lines 3270--3271

 []


Underfull \hbox (badness 10000) in paragraph at lines 3272--3273

 []


Underfull \hbox (badness 10000) in paragraph at lines 3295--3297

 []


Underfull \hbox (badness 10000) in paragraph at lines 3298--3299

 []


Package fancyhdr Warning: \headheight is too small (12.0pt): 
(fancyhdr)                Make it at least 13.59999pt, for example:
(fancyhdr)                \setlength{\headheight}{13.59999pt}.
(fancyhdr)                You might also make \topmargin smaller to compensate:
(fancyhdr)                \addtolength{\topmargin}{-1.59999pt}.

[50]
Underfull \hbox (badness 10000) in paragraph at lines 3316--3321

 []


Underfull \hbox (badness 10000) in paragraph at lines 3322--3323

 []


Underfull \hbox (badness 10000) in paragraph at lines 3324--3325

 []


Underfull \hbox (badness 10000) in paragraph at lines 3343--3345

 []


Package fancyhdr Warning: \headheight is too small (12.0pt): 
(fancyhdr)                Make it at least 13.59999pt, for example:
(fancyhdr)                \setlength{\headheight}{13.59999pt}.
(fancyhdr)                You might also make \topmargin smaller to compensate:
(fancyhdr)                \addtolength{\topmargin}{-1.59999pt}.

[51]
Underfull \hbox (badness 10000) in paragraph at lines 3350--3352

 []


Underfull \hbox (badness 10000) in paragraph at lines 3357--3358

 []


Underfull \hbox (badness 10000) in paragraph at lines 3380--3381

 []


Underfull \hbox (badness 10000) in paragraph at lines 3385--3387

 []


Package fancyhdr Warning: \headheight is too small (12.0pt): 
(fancyhdr)                Make it at least 13.59999pt, for example:
(fancyhdr)                \setlength{\headheight}{13.59999pt}.
(fancyhdr)                You might also make \topmargin smaller to compensate:
(fancyhdr)                \addtolength{\topmargin}{-1.59999pt}.

[52]
Underfull \hbox (badness 10000) in paragraph at lines 3413--3415

 []


Package fancyhdr Warning: \headheight is too small (12.0pt): 
(fancyhdr)                Make it at least 13.59999pt, for example:
(fancyhdr)                \setlength{\headheight}{13.59999pt}.
(fancyhdr)                You might also make \topmargin smaller to compensate:
(fancyhdr)                \addtolength{\topmargin}{-1.59999pt}.

[53]
Underfull \hbox (badness 10000) in paragraph at lines 3481--3483

 []


Underfull \hbox (badness 10000) in paragraph at lines 3506--3507

 []


Package fancyhdr Warning: \headheight is too small (12.0pt): 
(fancyhdr)                Make it at least 13.59999pt, for example:
(fancyhdr)                \setlength{\headheight}{13.59999pt}.
(fancyhdr)                You might also make \topmargin smaller to compensate:
(fancyhdr)                \addtolength{\topmargin}{-1.59999pt}.

[54]
Underfull \hbox (badness 10000) in paragraph at lines 3531--3533

 []


Underfull \hbox (badness 10000) in paragraph at lines 3534--3536

 []


Underfull \hbox (badness 10000) in paragraph at lines 3537--3539

 []


Underfull \hbox (badness 10000) in paragraph at lines 3564--3566

 []


Underfull \hbox (badness 10000) in paragraph at lines 3567--3568

 []


Package fancyhdr Warning: \headheight is too small (12.0pt): 
(fancyhdr)                Make it at least 13.59999pt, for example:
(fancyhdr)                \setlength{\headheight}{13.59999pt}.
(fancyhdr)                You might also make \topmargin smaller to compensate:
(fancyhdr)                \addtolength{\topmargin}{-1.59999pt}.

[55]
Underfull \hbox (badness 10000) in paragraph at lines 3589--3590

 []


Overfull \hbox (8.96164pt too wide) in paragraph at lines 3597--3597
[]\OT1/cmr/bx/n/10.95 Symmetric Ma-trix: \OT1/cmr/m/n/10.95 When $\OML/cmm/m/it/10.95 A \OT1/cmr/m/n/10.95 = \OML/cmm/m/it/10.95 A[]$ \OT1/cmr/m/n/10.95 matirx is sym-met-ric.example 
 []


Underfull \hbox (badness 10000) in paragraph at lines 3622--3624

 []


Overfull \hbox (0.42575pt too wide) detected at line 3637
\OML/cmm/m/it/10.95 F[] \OT1/cmr/m/n/10.95 = [] =[]\OMS/cmsy/m/n/10.95 ) []  \OML/cmm/m/it/10.95 as ! \OT1/cmr/m/n/10.95 = \OML/cmm/m/it/10.95 i; for n \OT1/cmr/m/n/10.95 = 4
 []


Package fancyhdr Warning: \headheight is too small (12.0pt): 
(fancyhdr)                Make it at least 13.59999pt, for example:
(fancyhdr)                \setlength{\headheight}{13.59999pt}.
(fancyhdr)                You might also make \topmargin smaller to compensate:
(fancyhdr)                \addtolength{\topmargin}{-1.59999pt}.

[56]
Underfull \hbox (badness 10000) in paragraph at lines 3637--3640

 []


Overfull \hbox (12.85037pt too wide) detected at line 3656
\OML/cmm/m/it/10.95 A \OT1/cmr/m/n/10.95 = [][]  [] \OML/cmm/m/it/10.95 D \OT1/cmr/m/n/10.95 = [][]
 []


Overfull \hbox (10.97104pt too wide) detected at line 3678
\OML/cmm/m/it/10.95 P[] \OT1/cmr/m/n/10.95 = []
 []


Underfull \hbox (badness 10000) in paragraph at lines 3678--3680

 []


Package fancyhdr Warning: \headheight is too small (12.0pt): 
(fancyhdr)                Make it at least 13.59999pt, for example:
(fancyhdr)                \setlength{\headheight}{13.59999pt}.
(fancyhdr)                You might also make \topmargin smaller to compensate:
(fancyhdr)                \addtolength{\topmargin}{-1.59999pt}.

[57]

Package fancyhdr Warning: \headheight is too small (12.0pt): 
(fancyhdr)                Make it at least 13.59999pt, for example:
(fancyhdr)                \setlength{\headheight}{13.59999pt}.
(fancyhdr)                You might also make \topmargin smaller to compensate:
(fancyhdr)                \addtolength{\topmargin}{-1.59999pt}.

[58]
Underfull \hbox (badness 10000) in paragraph at lines 3750--3751

 []


Underfull \hbox (badness 10000) in paragraph at lines 3777--3779

 []


Underfull \hbox (badness 10000) in paragraph at lines 3780--3781

 []


Package fancyhdr Warning: \headheight is too small (12.0pt): 
(fancyhdr)                Make it at least 13.59999pt, for example:
(fancyhdr)                \setlength{\headheight}{13.59999pt}.
(fancyhdr)                You might also make \topmargin smaller to compensate:
(fancyhdr)                \addtolength{\topmargin}{-1.59999pt}.

[59]
Underfull \hbox (badness 10000) in paragraph at lines 3797--3798

 []


Underfull \hbox (badness 10000) in paragraph at lines 3799--3801

 []


Underfull \hbox (badness 10000) in paragraph at lines 3802--3803

 []


Underfull \hbox (badness 10000) in paragraph at lines 3804--3805

 []


Underfull \hbox (badness 10000) in paragraph at lines 3806--3807

 []


Underfull \hbox (badness 10000) in paragraph at lines 3808--3810

 []


Underfull \hbox (badness 10000) in paragraph at lines 3811--3812

 []


Package fancyhdr Warning: \headheight is too small (12.0pt): 
(fancyhdr)                Make it at least 13.59999pt, for example:
(fancyhdr)                \setlength{\headheight}{13.59999pt}.
(fancyhdr)                You might also make \topmargin smaller to compensate:
(fancyhdr)                \addtolength{\topmargin}{-1.59999pt}.

[60]
Underfull \hbox (badness 10000) in paragraph at lines 3818--3820

 []


Underfull \hbox (badness 10000) in paragraph at lines 3824--3825

 []


Underfull \hbox (badness 10000) in paragraph at lines 3830--3833

 []


Underfull \hbox (badness 10000) in paragraph at lines 3840--3842

 []


Package fancyhdr Warning: \headheight is too small (12.0pt): 
(fancyhdr)                Make it at least 13.59999pt, for example:
(fancyhdr)                \setlength{\headheight}{13.59999pt}.
(fancyhdr)                You might also make \topmargin smaller to compensate:
(fancyhdr)                \addtolength{\topmargin}{-1.59999pt}.

[61]
Underfull \hbox (badness 10000) in paragraph at lines 3858--3859

 []


Underfull \hbox (badness 10000) in paragraph at lines 3860--3862

 []


Overfull \hbox (67.33278pt too wide) detected at line 3880
\OML/cmm/m/it/10.95 A [] \OT1/cmr/m/n/10.95 = [] []
 []


Underfull \hbox (badness 10000) in paragraph at lines 3884--3886

 []


Underfull \hbox (badness 10000) in paragraph at lines 3887--3888

 []


Package fancyhdr Warning: \headheight is too small (12.0pt): 
(fancyhdr)                Make it at least 13.59999pt, for example:
(fancyhdr)                \setlength{\headheight}{13.59999pt}.
(fancyhdr)                You might also make \topmargin smaller to compensate:
(fancyhdr)                \addtolength{\topmargin}{-1.59999pt}.

[62]
Underfull \hbox (badness 10000) in paragraph at lines 3896--3898

 []


Underfull \hbox (badness 10000) in paragraph at lines 3899--3902

 []


Underfull \hbox (badness 10000) in paragraph at lines 3969--3972

 []


Package fancyhdr Warning: \headheight is too small (12.0pt): 
(fancyhdr)                Make it at least 13.59999pt, for example:
(fancyhdr)                \setlength{\headheight}{13.59999pt}.
(fancyhdr)                You might also make \topmargin smaller to compensate:
(fancyhdr)                \addtolength{\topmargin}{-1.59999pt}.

[63]
Underfull \hbox (badness 10000) in paragraph at lines 4038--4039

 []


Underfull \hbox (badness 10000) in paragraph at lines 4048--4048

 []


Overfull \hbox (4.70337pt too wide) in paragraph at lines 4048--4049
[][] 
 []


Underfull \hbox (badness 10000) in paragraph at lines 4055--4056

 []


Package fancyhdr Warning: \headheight is too small (12.0pt): 
(fancyhdr)                Make it at least 13.59999pt, for example:
(fancyhdr)                \setlength{\headheight}{13.59999pt}.
(fancyhdr)                You might also make \topmargin smaller to compensate:
(fancyhdr)                \addtolength{\topmargin}{-1.59999pt}.

[64]
Underfull \hbox (badness 10000) in paragraph at lines 4102--4104

 []


Package fancyhdr Warning: \headheight is too small (12.0pt): 
(fancyhdr)                Make it at least 13.59999pt, for example:
(fancyhdr)                \setlength{\headheight}{13.59999pt}.
(fancyhdr)                You might also make \topmargin smaller to compensate:
(fancyhdr)                \addtolength{\topmargin}{-1.59999pt}.

[65]
Underfull \hbox (badness 10000) in paragraph at lines 4109--4110

 []


Underfull \hbox (badness 10000) in paragraph at lines 4119--4120

 []


Underfull \hbox (badness 10000) in paragraph at lines 4138--4140

 []


Underfull \hbox (badness 10000) in paragraph at lines 4141--4142

 []


Package fancyhdr Warning: \headheight is too small (12.0pt): 
(fancyhdr)                Make it at least 13.59999pt, for example:
(fancyhdr)                \setlength{\headheight}{13.59999pt}.
(fancyhdr)                You might also make \topmargin smaller to compensate:
(fancyhdr)                \addtolength{\topmargin}{-1.59999pt}.

[66]
Underfull \hbox (badness 10000) in paragraph at lines 4154--4155

 []


Underfull \hbox (badness 10000) in paragraph at lines 4160--4172

 []


Underfull \hbox (badness 10000) in paragraph at lines 4173--4174

 []


Underfull \hbox (badness 10000) in paragraph at lines 4175--4176

 []


Underfull \hbox (badness 10000) in paragraph at lines 4177--4178

 []


Package fancyhdr Warning: \headheight is too small (12.0pt): 
(fancyhdr)                Make it at least 13.59999pt, for example:
(fancyhdr)                \setlength{\headheight}{13.59999pt}.
(fancyhdr)                You might also make \topmargin smaller to compensate:
(fancyhdr)                \addtolength{\topmargin}{-1.59999pt}.

[67]
Underfull \hbox (badness 10000) in paragraph at lines 4184--4186

 []


Underfull \hbox (badness 10000) in paragraph at lines 4197--4199

 []


Underfull \hbox (badness 10000) in paragraph at lines 4208--4209

 []


Package fancyhdr Warning: \headheight is too small (12.0pt): 
(fancyhdr)                Make it at least 13.59999pt, for example:
(fancyhdr)                \setlength{\headheight}{13.59999pt}.
(fancyhdr)                You might also make \topmargin smaller to compensate:
(fancyhdr)                \addtolength{\topmargin}{-1.59999pt}.

[68] (LinearAlgebra.aux)
 ***********
LaTeX2e <2023-11-01> patch level 1
L3 programming layer <2024-01-04>
 ***********
 ) 
Here is how much of TeX's memory you used:
 4641 strings out of 474486
 74893 string characters out of 5745172
 1952542 words of memory out of 5000000
 26862 multiletter control sequences out of 15000+600000
 565929 words of font info for 65 fonts, out of 8000000 for 9000
 1141 hyphenation exceptions out of 8191
 79i,17n,93p,569b,453s stack positions out of 10000i,1000n,20000p,200000b,200000s
 <C:\Users\hp\AppData\Local\MiKTeX\fonts/pk/ljfour/jknappen/ec/dpi600\tcbx1095.pk> <C:\Users\hp\AppData\Local\MiKTeX\fonts/pk/ljfour/jknappen/ec/dpi600\tcrm1095.pk><C:/Users/hp/AppData/Local/Programs/MiKTeX/fonts/type1/public/amsfonts/cm/cmbx10.pfb><C:/Users/hp/AppData/Local/Programs/MiKTeX/fonts/type1/public/amsfonts/cm/cmbx12.pfb><C:/Users/hp/AppData/Local/Programs/MiKTeX/fonts/type1/public/amsfonts/cm/cmbx8.pfb><C:/Users/hp/AppData/Local/Programs/MiKTeX/fonts/type1/public/amsfonts/cm/cmex10.pfb><C:/Users/hp/AppData/Local/Programs/MiKTeX/fonts/type1/public/amsfonts/cm/cmmi10.pfb><C:/Users/hp/AppData/Local/Programs/MiKTeX/fonts/type1/public/amsfonts/cm/cmmi6.pfb><C:/Users/hp/AppData/Local/Programs/MiKTeX/fonts/type1/public/amsfonts/cm/cmmi8.pfb><C:/Users/hp/AppData/Local/Programs/MiKTeX/fonts/type1/public/amsfonts/cm/cmr10.pfb><C:/Users/hp/AppData/Local/Programs/MiKTeX/fonts/type1/public/amsfonts/cm/cmr6.pfb><C:/Users/hp/AppData/Local/Programs/MiKTeX/fonts/type1/public/amsfonts/cm/cmr8.pfb><C:/Users/hp/AppData/Local/Programs/MiKTeX/fonts/type1/public/amsfonts/cm/cmsy10.pfb><C:/Users/hp/AppData/Local/Programs/MiKTeX/fonts/type1/public/amsfonts/cm/cmsy6.pfb><C:/Users/hp/AppData/Local/Programs/MiKTeX/fonts/type1/public/amsfonts/cm/cmsy8.pfb><C:/Users/hp/AppData/Local/Programs/MiKTeX/fonts/type1/public/amsfonts/cm/cmti10.pfb><C:/Users/hp/AppData/Local/Programs/MiKTeX/fonts/type1/public/amsfonts/symbols/msam10.pfb><C:/Users/hp/AppData/Local/Programs/MiKTeX/fonts/type1/public/amsfonts/symbols/msbm10.pfb>
Output written on LinearAlgebra.pdf (68 pages, 404143 bytes).
PDF statistics:
 337 PDF objects out of 1000 (max. 8388607)
 0 named destinations out of 1000 (max. 500000)
 21 words of extra memory for PDF output out of 10000 (max. 10000000)

